Terminals unused in grammar

   NEG


Grammar

    0 $accept: program $end

    1 program: opt_classes opt_statements

    2 opt_classes: classes
    3            | %empty

    4 classes: classes class
    5        | class

    6 opt_statements: statements
    7               | %empty

    8 statements: statements statement
    9           | statement

   10 class: CLASS IDENT '(' opt_formal_args ')' opt_extends '{' opt_statements opt_methods '}'

   11 opt_formal_args: formal_args
   12                | %empty

   13 formal_args: arg
   14            | formal_args ',' arg

   15 arg: IDENT ':' IDENT

   16 opt_extends: EXTENDS IDENT
   17            | %empty

   18 opt_methods: methods
   19            | %empty

   20 methods: methods method
   21        | method

   22 method: DEF IDENT '(' opt_formal_args ')' opt_ident statement_block

   23 opt_ident: ':' IDENT
   24          | %empty

   25 statement_block: '{' opt_statements '}'

   26 statement: if_statement

   27 if_statement: IF r_expr statement_block opt_elif opt_else

   28 opt_elif: more_elif
   29         | %empty

   30 more_elif: more_elif ELIF r_expr statement_block
   31          | ELIF r_expr statement_block

   32 opt_else: ELSE statement_block
   33         | %empty

   34 statement: WHILE r_expr statement_block
   35          | l_expr opt_ident '=' r_expr ';'

   36 l_expr: IDENT
   37       | r_expr '.' IDENT

   38 statement: r_expr ';'

   39 r_expr: STRING_LIT
   40       | INT_LIT
   41       | l_expr
   42       | r_expr '+' r_expr
   43       | r_expr '-' r_expr
   44       | r_expr '*' r_expr
   45       | r_expr '/' r_expr
   46       | '-' r_expr
   47       | '(' r_expr ')'
   48       | r_expr EQUALS r_expr
   49       | r_expr ATLEAST r_expr
   50       | r_expr ATMOST r_expr
   51       | r_expr '<' r_expr
   52       | r_expr '>' r_expr
   53       | r_expr AND r_expr
   54       | r_expr OR r_expr
   55       | NOT r_expr
   56       | r_expr '.' IDENT '(' actual_args ')'

   57 actual_args: seq_r_expr
   58            | %empty

   59 seq_r_expr: seq_r_expr ',' r_expr
   60           | r_expr

   61 r_expr: IDENT '(' actual_args ')'

   62 statement: RETURN opt_r_expr ';'

   63 opt_r_expr: r_expr
   64           | %empty

   65 statement: TYPECASE r_expr '{' opt_type_alt '}'

   66 opt_type_alt: more_type_alt
   67             | %empty

   68 more_type_alt: more_type_alt type_alt
   69              | type_alt

   70 type_alt: IDENT ':' IDENT statement_block


Terminals, with rules where they appear

$end (0) 0
'(' (40) 10 22 47 56 61
')' (41) 10 22 47 56 61
'*' (42) 44
'+' (43) 42
',' (44) 14 59
'-' (45) 43 46
'.' (46) 37 56
'/' (47) 45
':' (58) 15 23 70
';' (59) 35 38 62
'<' (60) 51
'=' (61) 35
'>' (62) 52
'{' (123) 10 25 65
'}' (125) 10 25 65
error (256)
CLASS (258) 10
DEF (259) 22
EXTENDS (260) 16
IF (261) 27
ELIF (262) 30 31
ELSE (263) 32
WHILE (264) 34
RETURN (265) 62
TYPECASE (266) 65
ATLEAST (267) 49
ATMOST (268) 50
EQUALS (269) 48
AND (270) 53
OR (271) 54
NOT (272) 55
IDENT <str> (273) 10 15 16 22 23 36 37 56 61 70
INT_LIT <num> (274) 40
STRING_LIT <str> (275) 39
NEG (276)


Nonterminals, with rules where they appear

$accept (37)
    on left: 0
program (38)
    on left: 1, on right: 0
opt_classes <classes> (39)
    on left: 2 3, on right: 1
classes <classes> (40)
    on left: 4 5, on right: 2 4
opt_statements <block> (41)
    on left: 6 7, on right: 1 10 25
statements <block> (42)
    on left: 8 9, on right: 6 8
class <clazz> (43)
    on left: 10, on right: 4 5
opt_formal_args <formal_args> (44)
    on left: 11 12, on right: 10 22
formal_args <formal_args> (45)
    on left: 13 14, on right: 11 14
arg <arg> (46)
    on left: 15, on right: 13 14
opt_extends <ident> (47)
    on left: 16 17, on right: 10
opt_methods <methods> (48)
    on left: 18 19, on right: 10
methods <methods> (49)
    on left: 20 21, on right: 18 20
method <method> (50)
    on left: 22, on right: 20 21
opt_ident <ident> (51)
    on left: 23 24, on right: 22 35
statement_block <block> (52)
    on left: 25, on right: 22 27 30 31 32 34 70
statement <stmt> (53)
    on left: 26 34 35 38 62 65, on right: 8 9
if_statement <if_else> (54)
    on left: 27, on right: 26
opt_elif <elif_block> (55)
    on left: 28 29, on right: 27
more_elif <elif_block> (56)
    on left: 30 31, on right: 28 30
opt_else <block> (57)
    on left: 32 33, on right: 27
l_expr <l_expr> (58)
    on left: 36 37, on right: 35 41
r_expr <r_expr> (59)
    on left: 39 40 41 42 43 44 45 46 47 48 49 50 51 52 53 54 55 56
    61, on right: 27 30 31 34 35 37 38 42 43 44 45 46 47 48 49 50 51
    52 53 54 55 56 59 60 63 65
actual_args <actual_args> (60)
    on left: 57 58, on right: 56 61
seq_r_expr <actual_args> (61)
    on left: 59 60, on right: 57 59
opt_r_expr <r_expr> (62)
    on left: 63 64, on right: 62
opt_type_alt <typealts> (63)
    on left: 66 67, on right: 65
more_type_alt <typealts> (64)
    on left: 68 69, on right: 66 68
type_alt <typealt> (65)
    on left: 70, on right: 68 69


State 0

    0 $accept: . program $end
    1 program: . opt_classes opt_statements
    2 opt_classes: . classes
    3            | . %empty  [$end, IF, WHILE, RETURN, TYPECASE, NOT, IDENT, INT_LIT, STRING_LIT, '-', '(']
    4 classes: . classes class
    5        | . class
   10 class: . CLASS IDENT '(' opt_formal_args ')' opt_extends '{' opt_statements opt_methods '}'

    CLASS  shift, and go to state 1

    $default  reduce using rule 3 (opt_classes)

    program      go to state 2
    opt_classes  go to state 3
    classes      go to state 4
    class        go to state 5


State 1

   10 class: CLASS . IDENT '(' opt_formal_args ')' opt_extends '{' opt_statements opt_methods '}'

    IDENT  shift, and go to state 6


State 2

    0 $accept: program . $end

    $end  shift, and go to state 7


State 3

    1 program: opt_classes . opt_statements
    6 opt_statements: . statements
    7               | . %empty  [$end]
    8 statements: . statements statement
    9           | . statement
   26 statement: . if_statement
   27 if_statement: . IF r_expr statement_block opt_elif opt_else
   34 statement: . WHILE r_expr statement_block
   35          | . l_expr opt_ident '=' r_expr ';'
   36 l_expr: . IDENT
   37       | . r_expr '.' IDENT
   38 statement: . r_expr ';'
   39 r_expr: . STRING_LIT
   40       | . INT_LIT
   41       | . l_expr
   42       | . r_expr '+' r_expr
   43       | . r_expr '-' r_expr
   44       | . r_expr '*' r_expr
   45       | . r_expr '/' r_expr
   46       | . '-' r_expr
   47       | . '(' r_expr ')'
   48       | . r_expr EQUALS r_expr
   49       | . r_expr ATLEAST r_expr
   50       | . r_expr ATMOST r_expr
   51       | . r_expr '<' r_expr
   52       | . r_expr '>' r_expr
   53       | . r_expr AND r_expr
   54       | . r_expr OR r_expr
   55       | . NOT r_expr
   56       | . r_expr '.' IDENT '(' actual_args ')'
   61       | . IDENT '(' actual_args ')'
   62 statement: . RETURN opt_r_expr ';'
   65          | . TYPECASE r_expr '{' opt_type_alt '}'

    IF          shift, and go to state 8
    WHILE       shift, and go to state 9
    RETURN      shift, and go to state 10
    TYPECASE    shift, and go to state 11
    NOT         shift, and go to state 12
    IDENT       shift, and go to state 13
    INT_LIT     shift, and go to state 14
    STRING_LIT  shift, and go to state 15
    '-'         shift, and go to state 16
    '('         shift, and go to state 17

    $default  reduce using rule 7 (opt_statements)

    opt_statements  go to state 18
    statements      go to state 19
    statement       go to state 20
    if_statement    go to state 21
    l_expr          go to state 22
    r_expr          go to state 23


State 4

    2 opt_classes: classes .  [$end, IF, WHILE, RETURN, TYPECASE, NOT, IDENT, INT_LIT, STRING_LIT, '-', '(']
    4 classes: classes . class
   10 class: . CLASS IDENT '(' opt_formal_args ')' opt_extends '{' opt_statements opt_methods '}'

    CLASS  shift, and go to state 1

    $default  reduce using rule 2 (opt_classes)

    class  go to state 24


State 5

    5 classes: class .

    $default  reduce using rule 5 (classes)


State 6

   10 class: CLASS IDENT . '(' opt_formal_args ')' opt_extends '{' opt_statements opt_methods '}'

    '('  shift, and go to state 25


State 7

    0 $accept: program $end .

    $default  accept


State 8

   27 if_statement: IF . r_expr statement_block opt_elif opt_else
   36 l_expr: . IDENT
   37       | . r_expr '.' IDENT
   39 r_expr: . STRING_LIT
   40       | . INT_LIT
   41       | . l_expr
   42       | . r_expr '+' r_expr
   43       | . r_expr '-' r_expr
   44       | . r_expr '*' r_expr
   45       | . r_expr '/' r_expr
   46       | . '-' r_expr
   47       | . '(' r_expr ')'
   48       | . r_expr EQUALS r_expr
   49       | . r_expr ATLEAST r_expr
   50       | . r_expr ATMOST r_expr
   51       | . r_expr '<' r_expr
   52       | . r_expr '>' r_expr
   53       | . r_expr AND r_expr
   54       | . r_expr OR r_expr
   55       | . NOT r_expr
   56       | . r_expr '.' IDENT '(' actual_args ')'
   61       | . IDENT '(' actual_args ')'

    NOT         shift, and go to state 12
    IDENT       shift, and go to state 13
    INT_LIT     shift, and go to state 14
    STRING_LIT  shift, and go to state 15
    '-'         shift, and go to state 16
    '('         shift, and go to state 17

    l_expr  go to state 26
    r_expr  go to state 27


State 9

   34 statement: WHILE . r_expr statement_block
   36 l_expr: . IDENT
   37       | . r_expr '.' IDENT
   39 r_expr: . STRING_LIT
   40       | . INT_LIT
   41       | . l_expr
   42       | . r_expr '+' r_expr
   43       | . r_expr '-' r_expr
   44       | . r_expr '*' r_expr
   45       | . r_expr '/' r_expr
   46       | . '-' r_expr
   47       | . '(' r_expr ')'
   48       | . r_expr EQUALS r_expr
   49       | . r_expr ATLEAST r_expr
   50       | . r_expr ATMOST r_expr
   51       | . r_expr '<' r_expr
   52       | . r_expr '>' r_expr
   53       | . r_expr AND r_expr
   54       | . r_expr OR r_expr
   55       | . NOT r_expr
   56       | . r_expr '.' IDENT '(' actual_args ')'
   61       | . IDENT '(' actual_args ')'

    NOT         shift, and go to state 12
    IDENT       shift, and go to state 13
    INT_LIT     shift, and go to state 14
    STRING_LIT  shift, and go to state 15
    '-'         shift, and go to state 16
    '('         shift, and go to state 17

    l_expr  go to state 26
    r_expr  go to state 28


State 10

   36 l_expr: . IDENT
   37       | . r_expr '.' IDENT
   39 r_expr: . STRING_LIT
   40       | . INT_LIT
   41       | . l_expr
   42       | . r_expr '+' r_expr
   43       | . r_expr '-' r_expr
   44       | . r_expr '*' r_expr
   45       | . r_expr '/' r_expr
   46       | . '-' r_expr
   47       | . '(' r_expr ')'
   48       | . r_expr EQUALS r_expr
   49       | . r_expr ATLEAST r_expr
   50       | . r_expr ATMOST r_expr
   51       | . r_expr '<' r_expr
   52       | . r_expr '>' r_expr
   53       | . r_expr AND r_expr
   54       | . r_expr OR r_expr
   55       | . NOT r_expr
   56       | . r_expr '.' IDENT '(' actual_args ')'
   61       | . IDENT '(' actual_args ')'
   62 statement: RETURN . opt_r_expr ';'
   63 opt_r_expr: . r_expr
   64           | . %empty  [';']

    NOT         shift, and go to state 12
    IDENT       shift, and go to state 13
    INT_LIT     shift, and go to state 14
    STRING_LIT  shift, and go to state 15
    '-'         shift, and go to state 16
    '('         shift, and go to state 17

    $default  reduce using rule 64 (opt_r_expr)

    l_expr      go to state 26
    r_expr      go to state 29
    opt_r_expr  go to state 30


State 11

   36 l_expr: . IDENT
   37       | . r_expr '.' IDENT
   39 r_expr: . STRING_LIT
   40       | . INT_LIT
   41       | . l_expr
   42       | . r_expr '+' r_expr
   43       | . r_expr '-' r_expr
   44       | . r_expr '*' r_expr
   45       | . r_expr '/' r_expr
   46       | . '-' r_expr
   47       | . '(' r_expr ')'
   48       | . r_expr EQUALS r_expr
   49       | . r_expr ATLEAST r_expr
   50       | . r_expr ATMOST r_expr
   51       | . r_expr '<' r_expr
   52       | . r_expr '>' r_expr
   53       | . r_expr AND r_expr
   54       | . r_expr OR r_expr
   55       | . NOT r_expr
   56       | . r_expr '.' IDENT '(' actual_args ')'
   61       | . IDENT '(' actual_args ')'
   65 statement: TYPECASE . r_expr '{' opt_type_alt '}'

    NOT         shift, and go to state 12
    IDENT       shift, and go to state 13
    INT_LIT     shift, and go to state 14
    STRING_LIT  shift, and go to state 15
    '-'         shift, and go to state 16
    '('         shift, and go to state 17

    l_expr  go to state 26
    r_expr  go to state 31


State 12

   36 l_expr: . IDENT
   37       | . r_expr '.' IDENT
   39 r_expr: . STRING_LIT
   40       | . INT_LIT
   41       | . l_expr
   42       | . r_expr '+' r_expr
   43       | . r_expr '-' r_expr
   44       | . r_expr '*' r_expr
   45       | . r_expr '/' r_expr
   46       | . '-' r_expr
   47       | . '(' r_expr ')'
   48       | . r_expr EQUALS r_expr
   49       | . r_expr ATLEAST r_expr
   50       | . r_expr ATMOST r_expr
   51       | . r_expr '<' r_expr
   52       | . r_expr '>' r_expr
   53       | . r_expr AND r_expr
   54       | . r_expr OR r_expr
   55       | . NOT r_expr
   55       | NOT . r_expr
   56       | . r_expr '.' IDENT '(' actual_args ')'
   61       | . IDENT '(' actual_args ')'

    NOT         shift, and go to state 12
    IDENT       shift, and go to state 13
    INT_LIT     shift, and go to state 14
    STRING_LIT  shift, and go to state 15
    '-'         shift, and go to state 16
    '('         shift, and go to state 17

    l_expr  go to state 26
    r_expr  go to state 32


State 13

   36 l_expr: IDENT .  [ATLEAST, ATMOST, EQUALS, AND, OR, '>', '<', '+', '-', '*', '/', '.', ')', '{', ',', ':', '=', ';']
   61 r_expr: IDENT . '(' actual_args ')'

    '('  shift, and go to state 33

    $default  reduce using rule 36 (l_expr)


State 14

   40 r_expr: INT_LIT .

    $default  reduce using rule 40 (r_expr)


State 15

   39 r_expr: STRING_LIT .

    $default  reduce using rule 39 (r_expr)


State 16

   36 l_expr: . IDENT
   37       | . r_expr '.' IDENT
   39 r_expr: . STRING_LIT
   40       | . INT_LIT
   41       | . l_expr
   42       | . r_expr '+' r_expr
   43       | . r_expr '-' r_expr
   44       | . r_expr '*' r_expr
   45       | . r_expr '/' r_expr
   46       | . '-' r_expr
   46       | '-' . r_expr
   47       | . '(' r_expr ')'
   48       | . r_expr EQUALS r_expr
   49       | . r_expr ATLEAST r_expr
   50       | . r_expr ATMOST r_expr
   51       | . r_expr '<' r_expr
   52       | . r_expr '>' r_expr
   53       | . r_expr AND r_expr
   54       | . r_expr OR r_expr
   55       | . NOT r_expr
   56       | . r_expr '.' IDENT '(' actual_args ')'
   61       | . IDENT '(' actual_args ')'

    NOT         shift, and go to state 12
    IDENT       shift, and go to state 13
    INT_LIT     shift, and go to state 14
    STRING_LIT  shift, and go to state 15
    '-'         shift, and go to state 16
    '('         shift, and go to state 17

    l_expr  go to state 26
    r_expr  go to state 34


State 17

   36 l_expr: . IDENT
   37       | . r_expr '.' IDENT
   39 r_expr: . STRING_LIT
   40       | . INT_LIT
   41       | . l_expr
   42       | . r_expr '+' r_expr
   43       | . r_expr '-' r_expr
   44       | . r_expr '*' r_expr
   45       | . r_expr '/' r_expr
   46       | . '-' r_expr
   47       | . '(' r_expr ')'
   47       | '(' . r_expr ')'
   48       | . r_expr EQUALS r_expr
   49       | . r_expr ATLEAST r_expr
   50       | . r_expr ATMOST r_expr
   51       | . r_expr '<' r_expr
   52       | . r_expr '>' r_expr
   53       | . r_expr AND r_expr
   54       | . r_expr OR r_expr
   55       | . NOT r_expr
   56       | . r_expr '.' IDENT '(' actual_args ')'
   61       | . IDENT '(' actual_args ')'

    NOT         shift, and go to state 12
    IDENT       shift, and go to state 13
    INT_LIT     shift, and go to state 14
    STRING_LIT  shift, and go to state 15
    '-'         shift, and go to state 16
    '('         shift, and go to state 17

    l_expr  go to state 26
    r_expr  go to state 35


State 18

    1 program: opt_classes opt_statements .

    $default  reduce using rule 1 (program)


State 19

    6 opt_statements: statements .  [$end, DEF, '}']
    8 statements: statements . statement
   26 statement: . if_statement
   27 if_statement: . IF r_expr statement_block opt_elif opt_else
   34 statement: . WHILE r_expr statement_block
   35          | . l_expr opt_ident '=' r_expr ';'
   36 l_expr: . IDENT
   37       | . r_expr '.' IDENT
   38 statement: . r_expr ';'
   39 r_expr: . STRING_LIT
   40       | . INT_LIT
   41       | . l_expr
   42       | . r_expr '+' r_expr
   43       | . r_expr '-' r_expr
   44       | . r_expr '*' r_expr
   45       | . r_expr '/' r_expr
   46       | . '-' r_expr
   47       | . '(' r_expr ')'
   48       | . r_expr EQUALS r_expr
   49       | . r_expr ATLEAST r_expr
   50       | . r_expr ATMOST r_expr
   51       | . r_expr '<' r_expr
   52       | . r_expr '>' r_expr
   53       | . r_expr AND r_expr
   54       | . r_expr OR r_expr
   55       | . NOT r_expr
   56       | . r_expr '.' IDENT '(' actual_args ')'
   61       | . IDENT '(' actual_args ')'
   62 statement: . RETURN opt_r_expr ';'
   65          | . TYPECASE r_expr '{' opt_type_alt '}'

    IF          shift, and go to state 8
    WHILE       shift, and go to state 9
    RETURN      shift, and go to state 10
    TYPECASE    shift, and go to state 11
    NOT         shift, and go to state 12
    IDENT       shift, and go to state 13
    INT_LIT     shift, and go to state 14
    STRING_LIT  shift, and go to state 15
    '-'         shift, and go to state 16
    '('         shift, and go to state 17

    $default  reduce using rule 6 (opt_statements)

    statement     go to state 36
    if_statement  go to state 21
    l_expr        go to state 22
    r_expr        go to state 23


State 20

    9 statements: statement .

    $default  reduce using rule 9 (statements)


State 21

   26 statement: if_statement .

    $default  reduce using rule 26 (statement)


State 22

   23 opt_ident: . ':' IDENT
   24          | . %empty  ['=']
   35 statement: l_expr . opt_ident '=' r_expr ';'
   41 r_expr: l_expr .  [ATLEAST, ATMOST, EQUALS, AND, OR, '>', '<', '+', '-', '*', '/', '.', ';']

    ':'  shift, and go to state 37

    '='       reduce using rule 24 (opt_ident)
    $default  reduce using rule 41 (r_expr)

    opt_ident  go to state 38


State 23

   37 l_expr: r_expr . '.' IDENT
   38 statement: r_expr . ';'
   42 r_expr: r_expr . '+' r_expr
   43       | r_expr . '-' r_expr
   44       | r_expr . '*' r_expr
   45       | r_expr . '/' r_expr
   48       | r_expr . EQUALS r_expr
   49       | r_expr . ATLEAST r_expr
   50       | r_expr . ATMOST r_expr
   51       | r_expr . '<' r_expr
   52       | r_expr . '>' r_expr
   53       | r_expr . AND r_expr
   54       | r_expr . OR r_expr
   56       | r_expr . '.' IDENT '(' actual_args ')'

    ATLEAST  shift, and go to state 39
    ATMOST   shift, and go to state 40
    EQUALS   shift, and go to state 41
    AND      shift, and go to state 42
    OR       shift, and go to state 43
    '>'      shift, and go to state 44
    '<'      shift, and go to state 45
    '+'      shift, and go to state 46
    '-'      shift, and go to state 47
    '*'      shift, and go to state 48
    '/'      shift, and go to state 49
    '.'      shift, and go to state 50
    ';'      shift, and go to state 51


State 24

    4 classes: classes class .

    $default  reduce using rule 4 (classes)


State 25

   10 class: CLASS IDENT '(' . opt_formal_args ')' opt_extends '{' opt_statements opt_methods '}'
   11 opt_formal_args: . formal_args
   12                | . %empty  [')']
   13 formal_args: . arg
   14            | . formal_args ',' arg
   15 arg: . IDENT ':' IDENT

    IDENT  shift, and go to state 52

    $default  reduce using rule 12 (opt_formal_args)

    opt_formal_args  go to state 53
    formal_args      go to state 54
    arg              go to state 55


State 26

   41 r_expr: l_expr .

    $default  reduce using rule 41 (r_expr)


State 27

   25 statement_block: . '{' opt_statements '}'
   27 if_statement: IF r_expr . statement_block opt_elif opt_else
   37 l_expr: r_expr . '.' IDENT
   42 r_expr: r_expr . '+' r_expr
   43       | r_expr . '-' r_expr
   44       | r_expr . '*' r_expr
   45       | r_expr . '/' r_expr
   48       | r_expr . EQUALS r_expr
   49       | r_expr . ATLEAST r_expr
   50       | r_expr . ATMOST r_expr
   51       | r_expr . '<' r_expr
   52       | r_expr . '>' r_expr
   53       | r_expr . AND r_expr
   54       | r_expr . OR r_expr
   56       | r_expr . '.' IDENT '(' actual_args ')'

    ATLEAST  shift, and go to state 39
    ATMOST   shift, and go to state 40
    EQUALS   shift, and go to state 41
    AND      shift, and go to state 42
    OR       shift, and go to state 43
    '>'      shift, and go to state 44
    '<'      shift, and go to state 45
    '+'      shift, and go to state 46
    '-'      shift, and go to state 47
    '*'      shift, and go to state 48
    '/'      shift, and go to state 49
    '.'      shift, and go to state 50
    '{'      shift, and go to state 56

    statement_block  go to state 57


State 28

   25 statement_block: . '{' opt_statements '}'
   34 statement: WHILE r_expr . statement_block
   37 l_expr: r_expr . '.' IDENT
   42 r_expr: r_expr . '+' r_expr
   43       | r_expr . '-' r_expr
   44       | r_expr . '*' r_expr
   45       | r_expr . '/' r_expr
   48       | r_expr . EQUALS r_expr
   49       | r_expr . ATLEAST r_expr
   50       | r_expr . ATMOST r_expr
   51       | r_expr . '<' r_expr
   52       | r_expr . '>' r_expr
   53       | r_expr . AND r_expr
   54       | r_expr . OR r_expr
   56       | r_expr . '.' IDENT '(' actual_args ')'

    ATLEAST  shift, and go to state 39
    ATMOST   shift, and go to state 40
    EQUALS   shift, and go to state 41
    AND      shift, and go to state 42
    OR       shift, and go to state 43
    '>'      shift, and go to state 44
    '<'      shift, and go to state 45
    '+'      shift, and go to state 46
    '-'      shift, and go to state 47
    '*'      shift, and go to state 48
    '/'      shift, and go to state 49
    '.'      shift, and go to state 50
    '{'      shift, and go to state 56

    statement_block  go to state 58


State 29

   37 l_expr: r_expr . '.' IDENT
   42 r_expr: r_expr . '+' r_expr
   43       | r_expr . '-' r_expr
   44       | r_expr . '*' r_expr
   45       | r_expr . '/' r_expr
   48       | r_expr . EQUALS r_expr
   49       | r_expr . ATLEAST r_expr
   50       | r_expr . ATMOST r_expr
   51       | r_expr . '<' r_expr
   52       | r_expr . '>' r_expr
   53       | r_expr . AND r_expr
   54       | r_expr . OR r_expr
   56       | r_expr . '.' IDENT '(' actual_args ')'
   63 opt_r_expr: r_expr .  [';']

    ATLEAST  shift, and go to state 39
    ATMOST   shift, and go to state 40
    EQUALS   shift, and go to state 41
    AND      shift, and go to state 42
    OR       shift, and go to state 43
    '>'      shift, and go to state 44
    '<'      shift, and go to state 45
    '+'      shift, and go to state 46
    '-'      shift, and go to state 47
    '*'      shift, and go to state 48
    '/'      shift, and go to state 49
    '.'      shift, and go to state 50

    $default  reduce using rule 63 (opt_r_expr)


State 30

   62 statement: RETURN opt_r_expr . ';'

    ';'  shift, and go to state 59


State 31

   37 l_expr: r_expr . '.' IDENT
   42 r_expr: r_expr . '+' r_expr
   43       | r_expr . '-' r_expr
   44       | r_expr . '*' r_expr
   45       | r_expr . '/' r_expr
   48       | r_expr . EQUALS r_expr
   49       | r_expr . ATLEAST r_expr
   50       | r_expr . ATMOST r_expr
   51       | r_expr . '<' r_expr
   52       | r_expr . '>' r_expr
   53       | r_expr . AND r_expr
   54       | r_expr . OR r_expr
   56       | r_expr . '.' IDENT '(' actual_args ')'
   65 statement: TYPECASE r_expr . '{' opt_type_alt '}'

    ATLEAST  shift, and go to state 39
    ATMOST   shift, and go to state 40
    EQUALS   shift, and go to state 41
    AND      shift, and go to state 42
    OR       shift, and go to state 43
    '>'      shift, and go to state 44
    '<'      shift, and go to state 45
    '+'      shift, and go to state 46
    '-'      shift, and go to state 47
    '*'      shift, and go to state 48
    '/'      shift, and go to state 49
    '.'      shift, and go to state 50
    '{'      shift, and go to state 60


State 32

   37 l_expr: r_expr . '.' IDENT
   42 r_expr: r_expr . '+' r_expr
   43       | r_expr . '-' r_expr
   44       | r_expr . '*' r_expr
   45       | r_expr . '/' r_expr
   48       | r_expr . EQUALS r_expr
   49       | r_expr . ATLEAST r_expr
   50       | r_expr . ATMOST r_expr
   51       | r_expr . '<' r_expr
   52       | r_expr . '>' r_expr
   53       | r_expr . AND r_expr
   54       | r_expr . OR r_expr
   55       | NOT r_expr .  [AND, OR, ')', '{', ',', ';']
   56       | r_expr . '.' IDENT '(' actual_args ')'

    ATLEAST  shift, and go to state 39
    ATMOST   shift, and go to state 40
    EQUALS   shift, and go to state 41
    '>'      shift, and go to state 44
    '<'      shift, and go to state 45
    '+'      shift, and go to state 46
    '-'      shift, and go to state 47
    '*'      shift, and go to state 48
    '/'      shift, and go to state 49
    '.'      shift, and go to state 50

    $default  reduce using rule 55 (r_expr)

    Conflict between rule 55 and token ATLEAST resolved as shift (NOT < ATLEAST).
    Conflict between rule 55 and token ATMOST resolved as shift (NOT < ATMOST).
    Conflict between rule 55 and token EQUALS resolved as shift (NOT < EQUALS).
    Conflict between rule 55 and token AND resolved as reduce (%left AND).
    Conflict between rule 55 and token OR resolved as reduce (%left OR).
    Conflict between rule 55 and token '>' resolved as shift (NOT < '>').
    Conflict between rule 55 and token '<' resolved as shift (NOT < '<').
    Conflict between rule 55 and token '+' resolved as shift (NOT < '+').
    Conflict between rule 55 and token '-' resolved as shift (NOT < '-').
    Conflict between rule 55 and token '*' resolved as shift (NOT < '*').
    Conflict between rule 55 and token '/' resolved as shift (NOT < '/').
    Conflict between rule 55 and token '.' resolved as shift (NOT < '.').


State 33

   36 l_expr: . IDENT
   37       | . r_expr '.' IDENT
   39 r_expr: . STRING_LIT
   40       | . INT_LIT
   41       | . l_expr
   42       | . r_expr '+' r_expr
   43       | . r_expr '-' r_expr
   44       | . r_expr '*' r_expr
   45       | . r_expr '/' r_expr
   46       | . '-' r_expr
   47       | . '(' r_expr ')'
   48       | . r_expr EQUALS r_expr
   49       | . r_expr ATLEAST r_expr
   50       | . r_expr ATMOST r_expr
   51       | . r_expr '<' r_expr
   52       | . r_expr '>' r_expr
   53       | . r_expr AND r_expr
   54       | . r_expr OR r_expr
   55       | . NOT r_expr
   56       | . r_expr '.' IDENT '(' actual_args ')'
   57 actual_args: . seq_r_expr
   58            | . %empty  [')']
   59 seq_r_expr: . seq_r_expr ',' r_expr
   60           | . r_expr
   61 r_expr: . IDENT '(' actual_args ')'
   61       | IDENT '(' . actual_args ')'

    NOT         shift, and go to state 12
    IDENT       shift, and go to state 13
    INT_LIT     shift, and go to state 14
    STRING_LIT  shift, and go to state 15
    '-'         shift, and go to state 16
    '('         shift, and go to state 17

    $default  reduce using rule 58 (actual_args)

    l_expr       go to state 26
    r_expr       go to state 61
    actual_args  go to state 62
    seq_r_expr   go to state 63


State 34

   37 l_expr: r_expr . '.' IDENT
   42 r_expr: r_expr . '+' r_expr
   43       | r_expr . '-' r_expr
   44       | r_expr . '*' r_expr
   45       | r_expr . '/' r_expr
   46       | '-' r_expr .  [ATLEAST, ATMOST, EQUALS, AND, OR, '>', '<', '+', '-', ')', '{', ',', ';']
   48       | r_expr . EQUALS r_expr
   49       | r_expr . ATLEAST r_expr
   50       | r_expr . ATMOST r_expr
   51       | r_expr . '<' r_expr
   52       | r_expr . '>' r_expr
   53       | r_expr . AND r_expr
   54       | r_expr . OR r_expr
   56       | r_expr . '.' IDENT '(' actual_args ')'

    '*'  shift, and go to state 48
    '/'  shift, and go to state 49
    '.'  shift, and go to state 50

    $default  reduce using rule 46 (r_expr)

    Conflict between rule 46 and token ATLEAST resolved as reduce (ATLEAST < '-').
    Conflict between rule 46 and token ATMOST resolved as reduce (ATMOST < '-').
    Conflict between rule 46 and token EQUALS resolved as reduce (EQUALS < '-').
    Conflict between rule 46 and token AND resolved as reduce (AND < '-').
    Conflict between rule 46 and token OR resolved as reduce (OR < '-').
    Conflict between rule 46 and token '>' resolved as reduce ('>' < '-').
    Conflict between rule 46 and token '<' resolved as reduce ('<' < '-').
    Conflict between rule 46 and token '+' resolved as reduce (%left '+').
    Conflict between rule 46 and token '-' resolved as reduce (%left '-').
    Conflict between rule 46 and token '*' resolved as shift ('-' < '*').
    Conflict between rule 46 and token '/' resolved as shift ('-' < '/').
    Conflict between rule 46 and token '.' resolved as shift ('-' < '.').


State 35

   37 l_expr: r_expr . '.' IDENT
   42 r_expr: r_expr . '+' r_expr
   43       | r_expr . '-' r_expr
   44       | r_expr . '*' r_expr
   45       | r_expr . '/' r_expr
   47       | '(' r_expr . ')'
   48       | r_expr . EQUALS r_expr
   49       | r_expr . ATLEAST r_expr
   50       | r_expr . ATMOST r_expr
   51       | r_expr . '<' r_expr
   52       | r_expr . '>' r_expr
   53       | r_expr . AND r_expr
   54       | r_expr . OR r_expr
   56       | r_expr . '.' IDENT '(' actual_args ')'

    ATLEAST  shift, and go to state 39
    ATMOST   shift, and go to state 40
    EQUALS   shift, and go to state 41
    AND      shift, and go to state 42
    OR       shift, and go to state 43
    '>'      shift, and go to state 44
    '<'      shift, and go to state 45
    '+'      shift, and go to state 46
    '-'      shift, and go to state 47
    '*'      shift, and go to state 48
    '/'      shift, and go to state 49
    '.'      shift, and go to state 50
    ')'      shift, and go to state 64


State 36

    8 statements: statements statement .

    $default  reduce using rule 8 (statements)


State 37

   23 opt_ident: ':' . IDENT

    IDENT  shift, and go to state 65


State 38

   35 statement: l_expr opt_ident . '=' r_expr ';'

    '='  shift, and go to state 66


State 39

   36 l_expr: . IDENT
   37       | . r_expr '.' IDENT
   39 r_expr: . STRING_LIT
   40       | . INT_LIT
   41       | . l_expr
   42       | . r_expr '+' r_expr
   43       | . r_expr '-' r_expr
   44       | . r_expr '*' r_expr
   45       | . r_expr '/' r_expr
   46       | . '-' r_expr
   47       | . '(' r_expr ')'
   48       | . r_expr EQUALS r_expr
   49       | . r_expr ATLEAST r_expr
   49       | r_expr ATLEAST . r_expr
   50       | . r_expr ATMOST r_expr
   51       | . r_expr '<' r_expr
   52       | . r_expr '>' r_expr
   53       | . r_expr AND r_expr
   54       | . r_expr OR r_expr
   55       | . NOT r_expr
   56       | . r_expr '.' IDENT '(' actual_args ')'
   61       | . IDENT '(' actual_args ')'

    NOT         shift, and go to state 12
    IDENT       shift, and go to state 13
    INT_LIT     shift, and go to state 14
    STRING_LIT  shift, and go to state 15
    '-'         shift, and go to state 16
    '('         shift, and go to state 17

    l_expr  go to state 26
    r_expr  go to state 67


State 40

   36 l_expr: . IDENT
   37       | . r_expr '.' IDENT
   39 r_expr: . STRING_LIT
   40       | . INT_LIT
   41       | . l_expr
   42       | . r_expr '+' r_expr
   43       | . r_expr '-' r_expr
   44       | . r_expr '*' r_expr
   45       | . r_expr '/' r_expr
   46       | . '-' r_expr
   47       | . '(' r_expr ')'
   48       | . r_expr EQUALS r_expr
   49       | . r_expr ATLEAST r_expr
   50       | . r_expr ATMOST r_expr
   50       | r_expr ATMOST . r_expr
   51       | . r_expr '<' r_expr
   52       | . r_expr '>' r_expr
   53       | . r_expr AND r_expr
   54       | . r_expr OR r_expr
   55       | . NOT r_expr
   56       | . r_expr '.' IDENT '(' actual_args ')'
   61       | . IDENT '(' actual_args ')'

    NOT         shift, and go to state 12
    IDENT       shift, and go to state 13
    INT_LIT     shift, and go to state 14
    STRING_LIT  shift, and go to state 15
    '-'         shift, and go to state 16
    '('         shift, and go to state 17

    l_expr  go to state 26
    r_expr  go to state 68


State 41

   36 l_expr: . IDENT
   37       | . r_expr '.' IDENT
   39 r_expr: . STRING_LIT
   40       | . INT_LIT
   41       | . l_expr
   42       | . r_expr '+' r_expr
   43       | . r_expr '-' r_expr
   44       | . r_expr '*' r_expr
   45       | . r_expr '/' r_expr
   46       | . '-' r_expr
   47       | . '(' r_expr ')'
   48       | . r_expr EQUALS r_expr
   48       | r_expr EQUALS . r_expr
   49       | . r_expr ATLEAST r_expr
   50       | . r_expr ATMOST r_expr
   51       | . r_expr '<' r_expr
   52       | . r_expr '>' r_expr
   53       | . r_expr AND r_expr
   54       | . r_expr OR r_expr
   55       | . NOT r_expr
   56       | . r_expr '.' IDENT '(' actual_args ')'
   61       | . IDENT '(' actual_args ')'

    NOT         shift, and go to state 12
    IDENT       shift, and go to state 13
    INT_LIT     shift, and go to state 14
    STRING_LIT  shift, and go to state 15
    '-'         shift, and go to state 16
    '('         shift, and go to state 17

    l_expr  go to state 26
    r_expr  go to state 69


State 42

   36 l_expr: . IDENT
   37       | . r_expr '.' IDENT
   39 r_expr: . STRING_LIT
   40       | . INT_LIT
   41       | . l_expr
   42       | . r_expr '+' r_expr
   43       | . r_expr '-' r_expr
   44       | . r_expr '*' r_expr
   45       | . r_expr '/' r_expr
   46       | . '-' r_expr
   47       | . '(' r_expr ')'
   48       | . r_expr EQUALS r_expr
   49       | . r_expr ATLEAST r_expr
   50       | . r_expr ATMOST r_expr
   51       | . r_expr '<' r_expr
   52       | . r_expr '>' r_expr
   53       | . r_expr AND r_expr
   53       | r_expr AND . r_expr
   54       | . r_expr OR r_expr
   55       | . NOT r_expr
   56       | . r_expr '.' IDENT '(' actual_args ')'
   61       | . IDENT '(' actual_args ')'

    NOT         shift, and go to state 12
    IDENT       shift, and go to state 13
    INT_LIT     shift, and go to state 14
    STRING_LIT  shift, and go to state 15
    '-'         shift, and go to state 16
    '('         shift, and go to state 17

    l_expr  go to state 26
    r_expr  go to state 70


State 43

   36 l_expr: . IDENT
   37       | . r_expr '.' IDENT
   39 r_expr: . STRING_LIT
   40       | . INT_LIT
   41       | . l_expr
   42       | . r_expr '+' r_expr
   43       | . r_expr '-' r_expr
   44       | . r_expr '*' r_expr
   45       | . r_expr '/' r_expr
   46       | . '-' r_expr
   47       | . '(' r_expr ')'
   48       | . r_expr EQUALS r_expr
   49       | . r_expr ATLEAST r_expr
   50       | . r_expr ATMOST r_expr
   51       | . r_expr '<' r_expr
   52       | . r_expr '>' r_expr
   53       | . r_expr AND r_expr
   54       | . r_expr OR r_expr
   54       | r_expr OR . r_expr
   55       | . NOT r_expr
   56       | . r_expr '.' IDENT '(' actual_args ')'
   61       | . IDENT '(' actual_args ')'

    NOT         shift, and go to state 12
    IDENT       shift, and go to state 13
    INT_LIT     shift, and go to state 14
    STRING_LIT  shift, and go to state 15
    '-'         shift, and go to state 16
    '('         shift, and go to state 17

    l_expr  go to state 26
    r_expr  go to state 71


State 44

   36 l_expr: . IDENT
   37       | . r_expr '.' IDENT
   39 r_expr: . STRING_LIT
   40       | . INT_LIT
   41       | . l_expr
   42       | . r_expr '+' r_expr
   43       | . r_expr '-' r_expr
   44       | . r_expr '*' r_expr
   45       | . r_expr '/' r_expr
   46       | . '-' r_expr
   47       | . '(' r_expr ')'
   48       | . r_expr EQUALS r_expr
   49       | . r_expr ATLEAST r_expr
   50       | . r_expr ATMOST r_expr
   51       | . r_expr '<' r_expr
   52       | . r_expr '>' r_expr
   52       | r_expr '>' . r_expr
   53       | . r_expr AND r_expr
   54       | . r_expr OR r_expr
   55       | . NOT r_expr
   56       | . r_expr '.' IDENT '(' actual_args ')'
   61       | . IDENT '(' actual_args ')'

    NOT         shift, and go to state 12
    IDENT       shift, and go to state 13
    INT_LIT     shift, and go to state 14
    STRING_LIT  shift, and go to state 15
    '-'         shift, and go to state 16
    '('         shift, and go to state 17

    l_expr  go to state 26
    r_expr  go to state 72


State 45

   36 l_expr: . IDENT
   37       | . r_expr '.' IDENT
   39 r_expr: . STRING_LIT
   40       | . INT_LIT
   41       | . l_expr
   42       | . r_expr '+' r_expr
   43       | . r_expr '-' r_expr
   44       | . r_expr '*' r_expr
   45       | . r_expr '/' r_expr
   46       | . '-' r_expr
   47       | . '(' r_expr ')'
   48       | . r_expr EQUALS r_expr
   49       | . r_expr ATLEAST r_expr
   50       | . r_expr ATMOST r_expr
   51       | . r_expr '<' r_expr
   51       | r_expr '<' . r_expr
   52       | . r_expr '>' r_expr
   53       | . r_expr AND r_expr
   54       | . r_expr OR r_expr
   55       | . NOT r_expr
   56       | . r_expr '.' IDENT '(' actual_args ')'
   61       | . IDENT '(' actual_args ')'

    NOT         shift, and go to state 12
    IDENT       shift, and go to state 13
    INT_LIT     shift, and go to state 14
    STRING_LIT  shift, and go to state 15
    '-'         shift, and go to state 16
    '('         shift, and go to state 17

    l_expr  go to state 26
    r_expr  go to state 73


State 46

   36 l_expr: . IDENT
   37       | . r_expr '.' IDENT
   39 r_expr: . STRING_LIT
   40       | . INT_LIT
   41       | . l_expr
   42       | . r_expr '+' r_expr
   42       | r_expr '+' . r_expr
   43       | . r_expr '-' r_expr
   44       | . r_expr '*' r_expr
   45       | . r_expr '/' r_expr
   46       | . '-' r_expr
   47       | . '(' r_expr ')'
   48       | . r_expr EQUALS r_expr
   49       | . r_expr ATLEAST r_expr
   50       | . r_expr ATMOST r_expr
   51       | . r_expr '<' r_expr
   52       | . r_expr '>' r_expr
   53       | . r_expr AND r_expr
   54       | . r_expr OR r_expr
   55       | . NOT r_expr
   56       | . r_expr '.' IDENT '(' actual_args ')'
   61       | . IDENT '(' actual_args ')'

    NOT         shift, and go to state 12
    IDENT       shift, and go to state 13
    INT_LIT     shift, and go to state 14
    STRING_LIT  shift, and go to state 15
    '-'         shift, and go to state 16
    '('         shift, and go to state 17

    l_expr  go to state 26
    r_expr  go to state 74


State 47

   36 l_expr: . IDENT
   37       | . r_expr '.' IDENT
   39 r_expr: . STRING_LIT
   40       | . INT_LIT
   41       | . l_expr
   42       | . r_expr '+' r_expr
   43       | . r_expr '-' r_expr
   43       | r_expr '-' . r_expr
   44       | . r_expr '*' r_expr
   45       | . r_expr '/' r_expr
   46       | . '-' r_expr
   47       | . '(' r_expr ')'
   48       | . r_expr EQUALS r_expr
   49       | . r_expr ATLEAST r_expr
   50       | . r_expr ATMOST r_expr
   51       | . r_expr '<' r_expr
   52       | . r_expr '>' r_expr
   53       | . r_expr AND r_expr
   54       | . r_expr OR r_expr
   55       | . NOT r_expr
   56       | . r_expr '.' IDENT '(' actual_args ')'
   61       | . IDENT '(' actual_args ')'

    NOT         shift, and go to state 12
    IDENT       shift, and go to state 13
    INT_LIT     shift, and go to state 14
    STRING_LIT  shift, and go to state 15
    '-'         shift, and go to state 16
    '('         shift, and go to state 17

    l_expr  go to state 26
    r_expr  go to state 75


State 48

   36 l_expr: . IDENT
   37       | . r_expr '.' IDENT
   39 r_expr: . STRING_LIT
   40       | . INT_LIT
   41       | . l_expr
   42       | . r_expr '+' r_expr
   43       | . r_expr '-' r_expr
   44       | . r_expr '*' r_expr
   44       | r_expr '*' . r_expr
   45       | . r_expr '/' r_expr
   46       | . '-' r_expr
   47       | . '(' r_expr ')'
   48       | . r_expr EQUALS r_expr
   49       | . r_expr ATLEAST r_expr
   50       | . r_expr ATMOST r_expr
   51       | . r_expr '<' r_expr
   52       | . r_expr '>' r_expr
   53       | . r_expr AND r_expr
   54       | . r_expr OR r_expr
   55       | . NOT r_expr
   56       | . r_expr '.' IDENT '(' actual_args ')'
   61       | . IDENT '(' actual_args ')'

    NOT         shift, and go to state 12
    IDENT       shift, and go to state 13
    INT_LIT     shift, and go to state 14
    STRING_LIT  shift, and go to state 15
    '-'         shift, and go to state 16
    '('         shift, and go to state 17

    l_expr  go to state 26
    r_expr  go to state 76


State 49

   36 l_expr: . IDENT
   37       | . r_expr '.' IDENT
   39 r_expr: . STRING_LIT
   40       | . INT_LIT
   41       | . l_expr
   42       | . r_expr '+' r_expr
   43       | . r_expr '-' r_expr
   44       | . r_expr '*' r_expr
   45       | . r_expr '/' r_expr
   45       | r_expr '/' . r_expr
   46       | . '-' r_expr
   47       | . '(' r_expr ')'
   48       | . r_expr EQUALS r_expr
   49       | . r_expr ATLEAST r_expr
   50       | . r_expr ATMOST r_expr
   51       | . r_expr '<' r_expr
   52       | . r_expr '>' r_expr
   53       | . r_expr AND r_expr
   54       | . r_expr OR r_expr
   55       | . NOT r_expr
   56       | . r_expr '.' IDENT '(' actual_args ')'
   61       | . IDENT '(' actual_args ')'

    NOT         shift, and go to state 12
    IDENT       shift, and go to state 13
    INT_LIT     shift, and go to state 14
    STRING_LIT  shift, and go to state 15
    '-'         shift, and go to state 16
    '('         shift, and go to state 17

    l_expr  go to state 26
    r_expr  go to state 77


State 50

   37 l_expr: r_expr '.' . IDENT
   56 r_expr: r_expr '.' . IDENT '(' actual_args ')'

    IDENT  shift, and go to state 78


State 51

   38 statement: r_expr ';' .

    $default  reduce using rule 38 (statement)


State 52

   15 arg: IDENT . ':' IDENT

    ':'  shift, and go to state 79


State 53

   10 class: CLASS IDENT '(' opt_formal_args . ')' opt_extends '{' opt_statements opt_methods '}'

    ')'  shift, and go to state 80


State 54

   11 opt_formal_args: formal_args .  [')']
   14 formal_args: formal_args . ',' arg

    ','  shift, and go to state 81

    $default  reduce using rule 11 (opt_formal_args)


State 55

   13 formal_args: arg .

    $default  reduce using rule 13 (formal_args)


State 56

    6 opt_statements: . statements
    7               | . %empty  ['}']
    8 statements: . statements statement
    9           | . statement
   25 statement_block: '{' . opt_statements '}'
   26 statement: . if_statement
   27 if_statement: . IF r_expr statement_block opt_elif opt_else
   34 statement: . WHILE r_expr statement_block
   35          | . l_expr opt_ident '=' r_expr ';'
   36 l_expr: . IDENT
   37       | . r_expr '.' IDENT
   38 statement: . r_expr ';'
   39 r_expr: . STRING_LIT
   40       | . INT_LIT
   41       | . l_expr
   42       | . r_expr '+' r_expr
   43       | . r_expr '-' r_expr
   44       | . r_expr '*' r_expr
   45       | . r_expr '/' r_expr
   46       | . '-' r_expr
   47       | . '(' r_expr ')'
   48       | . r_expr EQUALS r_expr
   49       | . r_expr ATLEAST r_expr
   50       | . r_expr ATMOST r_expr
   51       | . r_expr '<' r_expr
   52       | . r_expr '>' r_expr
   53       | . r_expr AND r_expr
   54       | . r_expr OR r_expr
   55       | . NOT r_expr
   56       | . r_expr '.' IDENT '(' actual_args ')'
   61       | . IDENT '(' actual_args ')'
   62 statement: . RETURN opt_r_expr ';'
   65          | . TYPECASE r_expr '{' opt_type_alt '}'

    IF          shift, and go to state 8
    WHILE       shift, and go to state 9
    RETURN      shift, and go to state 10
    TYPECASE    shift, and go to state 11
    NOT         shift, and go to state 12
    IDENT       shift, and go to state 13
    INT_LIT     shift, and go to state 14
    STRING_LIT  shift, and go to state 15
    '-'         shift, and go to state 16
    '('         shift, and go to state 17

    $default  reduce using rule 7 (opt_statements)

    opt_statements  go to state 82
    statements      go to state 19
    statement       go to state 20
    if_statement    go to state 21
    l_expr          go to state 22
    r_expr          go to state 23


State 57

   27 if_statement: IF r_expr statement_block . opt_elif opt_else
   28 opt_elif: . more_elif
   29         | . %empty  [$end, DEF, IF, ELSE, WHILE, RETURN, TYPECASE, NOT, IDENT, INT_LIT, STRING_LIT, '-', '(', '}']
   30 more_elif: . more_elif ELIF r_expr statement_block
   31          | . ELIF r_expr statement_block

    ELIF  shift, and go to state 83

    $default  reduce using rule 29 (opt_elif)

    opt_elif   go to state 84
    more_elif  go to state 85


State 58

   34 statement: WHILE r_expr statement_block .

    $default  reduce using rule 34 (statement)


State 59

   62 statement: RETURN opt_r_expr ';' .

    $default  reduce using rule 62 (statement)


State 60

   65 statement: TYPECASE r_expr '{' . opt_type_alt '}'
   66 opt_type_alt: . more_type_alt
   67             | . %empty  ['}']
   68 more_type_alt: . more_type_alt type_alt
   69              | . type_alt
   70 type_alt: . IDENT ':' IDENT statement_block

    IDENT  shift, and go to state 86

    $default  reduce using rule 67 (opt_type_alt)

    opt_type_alt   go to state 87
    more_type_alt  go to state 88
    type_alt       go to state 89


State 61

   37 l_expr: r_expr . '.' IDENT
   42 r_expr: r_expr . '+' r_expr
   43       | r_expr . '-' r_expr
   44       | r_expr . '*' r_expr
   45       | r_expr . '/' r_expr
   48       | r_expr . EQUALS r_expr
   49       | r_expr . ATLEAST r_expr
   50       | r_expr . ATMOST r_expr
   51       | r_expr . '<' r_expr
   52       | r_expr . '>' r_expr
   53       | r_expr . AND r_expr
   54       | r_expr . OR r_expr
   56       | r_expr . '.' IDENT '(' actual_args ')'
   60 seq_r_expr: r_expr .  [')', ',']

    ATLEAST  shift, and go to state 39
    ATMOST   shift, and go to state 40
    EQUALS   shift, and go to state 41
    AND      shift, and go to state 42
    OR       shift, and go to state 43
    '>'      shift, and go to state 44
    '<'      shift, and go to state 45
    '+'      shift, and go to state 46
    '-'      shift, and go to state 47
    '*'      shift, and go to state 48
    '/'      shift, and go to state 49
    '.'      shift, and go to state 50

    $default  reduce using rule 60 (seq_r_expr)


State 62

   61 r_expr: IDENT '(' actual_args . ')'

    ')'  shift, and go to state 90


State 63

   57 actual_args: seq_r_expr .  [')']
   59 seq_r_expr: seq_r_expr . ',' r_expr

    ','  shift, and go to state 91

    $default  reduce using rule 57 (actual_args)


State 64

   47 r_expr: '(' r_expr ')' .

    $default  reduce using rule 47 (r_expr)


State 65

   23 opt_ident: ':' IDENT .

    $default  reduce using rule 23 (opt_ident)


State 66

   35 statement: l_expr opt_ident '=' . r_expr ';'
   36 l_expr: . IDENT
   37       | . r_expr '.' IDENT
   39 r_expr: . STRING_LIT
   40       | . INT_LIT
   41       | . l_expr
   42       | . r_expr '+' r_expr
   43       | . r_expr '-' r_expr
   44       | . r_expr '*' r_expr
   45       | . r_expr '/' r_expr
   46       | . '-' r_expr
   47       | . '(' r_expr ')'
   48       | . r_expr EQUALS r_expr
   49       | . r_expr ATLEAST r_expr
   50       | . r_expr ATMOST r_expr
   51       | . r_expr '<' r_expr
   52       | . r_expr '>' r_expr
   53       | . r_expr AND r_expr
   54       | . r_expr OR r_expr
   55       | . NOT r_expr
   56       | . r_expr '.' IDENT '(' actual_args ')'
   61       | . IDENT '(' actual_args ')'

    NOT         shift, and go to state 12
    IDENT       shift, and go to state 13
    INT_LIT     shift, and go to state 14
    STRING_LIT  shift, and go to state 15
    '-'         shift, and go to state 16
    '('         shift, and go to state 17

    l_expr  go to state 26
    r_expr  go to state 92


State 67

   37 l_expr: r_expr . '.' IDENT
   42 r_expr: r_expr . '+' r_expr
   43       | r_expr . '-' r_expr
   44       | r_expr . '*' r_expr
   45       | r_expr . '/' r_expr
   48       | r_expr . EQUALS r_expr
   49       | r_expr . ATLEAST r_expr
   49       | r_expr ATLEAST r_expr .  [ATLEAST, ATMOST, EQUALS, AND, OR, '>', '<', ')', '{', ',', ';']
   50       | r_expr . ATMOST r_expr
   51       | r_expr . '<' r_expr
   52       | r_expr . '>' r_expr
   53       | r_expr . AND r_expr
   54       | r_expr . OR r_expr
   56       | r_expr . '.' IDENT '(' actual_args ')'

    '+'  shift, and go to state 46
    '-'  shift, and go to state 47
    '*'  shift, and go to state 48
    '/'  shift, and go to state 49
    '.'  shift, and go to state 50

    $default  reduce using rule 49 (r_expr)

    Conflict between rule 49 and token ATLEAST resolved as reduce (%left ATLEAST).
    Conflict between rule 49 and token ATMOST resolved as reduce (%left ATMOST).
    Conflict between rule 49 and token EQUALS resolved as reduce (%left EQUALS).
    Conflict between rule 49 and token AND resolved as reduce (AND < ATLEAST).
    Conflict between rule 49 and token OR resolved as reduce (OR < ATLEAST).
    Conflict between rule 49 and token '>' resolved as reduce (%left '>').
    Conflict between rule 49 and token '<' resolved as reduce (%left '<').
    Conflict between rule 49 and token '+' resolved as shift (ATLEAST < '+').
    Conflict between rule 49 and token '-' resolved as shift (ATLEAST < '-').
    Conflict between rule 49 and token '*' resolved as shift (ATLEAST < '*').
    Conflict between rule 49 and token '/' resolved as shift (ATLEAST < '/').
    Conflict between rule 49 and token '.' resolved as shift (ATLEAST < '.').


State 68

   37 l_expr: r_expr . '.' IDENT
   42 r_expr: r_expr . '+' r_expr
   43       | r_expr . '-' r_expr
   44       | r_expr . '*' r_expr
   45       | r_expr . '/' r_expr
   48       | r_expr . EQUALS r_expr
   49       | r_expr . ATLEAST r_expr
   50       | r_expr . ATMOST r_expr
   50       | r_expr ATMOST r_expr .  [ATLEAST, ATMOST, EQUALS, AND, OR, '>', '<', ')', '{', ',', ';']
   51       | r_expr . '<' r_expr
   52       | r_expr . '>' r_expr
   53       | r_expr . AND r_expr
   54       | r_expr . OR r_expr
   56       | r_expr . '.' IDENT '(' actual_args ')'

    '+'  shift, and go to state 46
    '-'  shift, and go to state 47
    '*'  shift, and go to state 48
    '/'  shift, and go to state 49
    '.'  shift, and go to state 50

    $default  reduce using rule 50 (r_expr)

    Conflict between rule 50 and token ATLEAST resolved as reduce (%left ATLEAST).
    Conflict between rule 50 and token ATMOST resolved as reduce (%left ATMOST).
    Conflict between rule 50 and token EQUALS resolved as reduce (%left EQUALS).
    Conflict between rule 50 and token AND resolved as reduce (AND < ATMOST).
    Conflict between rule 50 and token OR resolved as reduce (OR < ATMOST).
    Conflict between rule 50 and token '>' resolved as reduce (%left '>').
    Conflict between rule 50 and token '<' resolved as reduce (%left '<').
    Conflict between rule 50 and token '+' resolved as shift (ATMOST < '+').
    Conflict between rule 50 and token '-' resolved as shift (ATMOST < '-').
    Conflict between rule 50 and token '*' resolved as shift (ATMOST < '*').
    Conflict between rule 50 and token '/' resolved as shift (ATMOST < '/').
    Conflict between rule 50 and token '.' resolved as shift (ATMOST < '.').


State 69

   37 l_expr: r_expr . '.' IDENT
   42 r_expr: r_expr . '+' r_expr
   43       | r_expr . '-' r_expr
   44       | r_expr . '*' r_expr
   45       | r_expr . '/' r_expr
   48       | r_expr . EQUALS r_expr
   48       | r_expr EQUALS r_expr .  [ATLEAST, ATMOST, EQUALS, AND, OR, '>', '<', ')', '{', ',', ';']
   49       | r_expr . ATLEAST r_expr
   50       | r_expr . ATMOST r_expr
   51       | r_expr . '<' r_expr
   52       | r_expr . '>' r_expr
   53       | r_expr . AND r_expr
   54       | r_expr . OR r_expr
   56       | r_expr . '.' IDENT '(' actual_args ')'

    '+'  shift, and go to state 46
    '-'  shift, and go to state 47
    '*'  shift, and go to state 48
    '/'  shift, and go to state 49
    '.'  shift, and go to state 50

    $default  reduce using rule 48 (r_expr)

    Conflict between rule 48 and token ATLEAST resolved as reduce (%left ATLEAST).
    Conflict between rule 48 and token ATMOST resolved as reduce (%left ATMOST).
    Conflict between rule 48 and token EQUALS resolved as reduce (%left EQUALS).
    Conflict between rule 48 and token AND resolved as reduce (AND < EQUALS).
    Conflict between rule 48 and token OR resolved as reduce (OR < EQUALS).
    Conflict between rule 48 and token '>' resolved as reduce (%left '>').
    Conflict between rule 48 and token '<' resolved as reduce (%left '<').
    Conflict between rule 48 and token '+' resolved as shift (EQUALS < '+').
    Conflict between rule 48 and token '-' resolved as shift (EQUALS < '-').
    Conflict between rule 48 and token '*' resolved as shift (EQUALS < '*').
    Conflict between rule 48 and token '/' resolved as shift (EQUALS < '/').
    Conflict between rule 48 and token '.' resolved as shift (EQUALS < '.').


State 70

   37 l_expr: r_expr . '.' IDENT
   42 r_expr: r_expr . '+' r_expr
   43       | r_expr . '-' r_expr
   44       | r_expr . '*' r_expr
   45       | r_expr . '/' r_expr
   48       | r_expr . EQUALS r_expr
   49       | r_expr . ATLEAST r_expr
   50       | r_expr . ATMOST r_expr
   51       | r_expr . '<' r_expr
   52       | r_expr . '>' r_expr
   53       | r_expr . AND r_expr
   53       | r_expr AND r_expr .  [AND, OR, ')', '{', ',', ';']
   54       | r_expr . OR r_expr
   56       | r_expr . '.' IDENT '(' actual_args ')'

    ATLEAST  shift, and go to state 39
    ATMOST   shift, and go to state 40
    EQUALS   shift, and go to state 41
    '>'      shift, and go to state 44
    '<'      shift, and go to state 45
    '+'      shift, and go to state 46
    '-'      shift, and go to state 47
    '*'      shift, and go to state 48
    '/'      shift, and go to state 49
    '.'      shift, and go to state 50

    $default  reduce using rule 53 (r_expr)

    Conflict between rule 53 and token ATLEAST resolved as shift (AND < ATLEAST).
    Conflict between rule 53 and token ATMOST resolved as shift (AND < ATMOST).
    Conflict between rule 53 and token EQUALS resolved as shift (AND < EQUALS).
    Conflict between rule 53 and token AND resolved as reduce (%left AND).
    Conflict between rule 53 and token OR resolved as reduce (%left OR).
    Conflict between rule 53 and token '>' resolved as shift (AND < '>').
    Conflict between rule 53 and token '<' resolved as shift (AND < '<').
    Conflict between rule 53 and token '+' resolved as shift (AND < '+').
    Conflict between rule 53 and token '-' resolved as shift (AND < '-').
    Conflict between rule 53 and token '*' resolved as shift (AND < '*').
    Conflict between rule 53 and token '/' resolved as shift (AND < '/').
    Conflict between rule 53 and token '.' resolved as shift (AND < '.').


State 71

   37 l_expr: r_expr . '.' IDENT
   42 r_expr: r_expr . '+' r_expr
   43       | r_expr . '-' r_expr
   44       | r_expr . '*' r_expr
   45       | r_expr . '/' r_expr
   48       | r_expr . EQUALS r_expr
   49       | r_expr . ATLEAST r_expr
   50       | r_expr . ATMOST r_expr
   51       | r_expr . '<' r_expr
   52       | r_expr . '>' r_expr
   53       | r_expr . AND r_expr
   54       | r_expr . OR r_expr
   54       | r_expr OR r_expr .  [AND, OR, ')', '{', ',', ';']
   56       | r_expr . '.' IDENT '(' actual_args ')'

    ATLEAST  shift, and go to state 39
    ATMOST   shift, and go to state 40
    EQUALS   shift, and go to state 41
    '>'      shift, and go to state 44
    '<'      shift, and go to state 45
    '+'      shift, and go to state 46
    '-'      shift, and go to state 47
    '*'      shift, and go to state 48
    '/'      shift, and go to state 49
    '.'      shift, and go to state 50

    $default  reduce using rule 54 (r_expr)

    Conflict between rule 54 and token ATLEAST resolved as shift (OR < ATLEAST).
    Conflict between rule 54 and token ATMOST resolved as shift (OR < ATMOST).
    Conflict between rule 54 and token EQUALS resolved as shift (OR < EQUALS).
    Conflict between rule 54 and token AND resolved as reduce (%left AND).
    Conflict between rule 54 and token OR resolved as reduce (%left OR).
    Conflict between rule 54 and token '>' resolved as shift (OR < '>').
    Conflict between rule 54 and token '<' resolved as shift (OR < '<').
    Conflict between rule 54 and token '+' resolved as shift (OR < '+').
    Conflict between rule 54 and token '-' resolved as shift (OR < '-').
    Conflict between rule 54 and token '*' resolved as shift (OR < '*').
    Conflict between rule 54 and token '/' resolved as shift (OR < '/').
    Conflict between rule 54 and token '.' resolved as shift (OR < '.').


State 72

   37 l_expr: r_expr . '.' IDENT
   42 r_expr: r_expr . '+' r_expr
   43       | r_expr . '-' r_expr
   44       | r_expr . '*' r_expr
   45       | r_expr . '/' r_expr
   48       | r_expr . EQUALS r_expr
   49       | r_expr . ATLEAST r_expr
   50       | r_expr . ATMOST r_expr
   51       | r_expr . '<' r_expr
   52       | r_expr . '>' r_expr
   52       | r_expr '>' r_expr .  [ATLEAST, ATMOST, EQUALS, AND, OR, '>', '<', ')', '{', ',', ';']
   53       | r_expr . AND r_expr
   54       | r_expr . OR r_expr
   56       | r_expr . '.' IDENT '(' actual_args ')'

    '+'  shift, and go to state 46
    '-'  shift, and go to state 47
    '*'  shift, and go to state 48
    '/'  shift, and go to state 49
    '.'  shift, and go to state 50

    $default  reduce using rule 52 (r_expr)

    Conflict between rule 52 and token ATLEAST resolved as reduce (%left ATLEAST).
    Conflict between rule 52 and token ATMOST resolved as reduce (%left ATMOST).
    Conflict between rule 52 and token EQUALS resolved as reduce (%left EQUALS).
    Conflict between rule 52 and token AND resolved as reduce (AND < '>').
    Conflict between rule 52 and token OR resolved as reduce (OR < '>').
    Conflict between rule 52 and token '>' resolved as reduce (%left '>').
    Conflict between rule 52 and token '<' resolved as reduce (%left '<').
    Conflict between rule 52 and token '+' resolved as shift ('>' < '+').
    Conflict between rule 52 and token '-' resolved as shift ('>' < '-').
    Conflict between rule 52 and token '*' resolved as shift ('>' < '*').
    Conflict between rule 52 and token '/' resolved as shift ('>' < '/').
    Conflict between rule 52 and token '.' resolved as shift ('>' < '.').


State 73

   37 l_expr: r_expr . '.' IDENT
   42 r_expr: r_expr . '+' r_expr
   43       | r_expr . '-' r_expr
   44       | r_expr . '*' r_expr
   45       | r_expr . '/' r_expr
   48       | r_expr . EQUALS r_expr
   49       | r_expr . ATLEAST r_expr
   50       | r_expr . ATMOST r_expr
   51       | r_expr . '<' r_expr
   51       | r_expr '<' r_expr .  [ATLEAST, ATMOST, EQUALS, AND, OR, '>', '<', ')', '{', ',', ';']
   52       | r_expr . '>' r_expr
   53       | r_expr . AND r_expr
   54       | r_expr . OR r_expr
   56       | r_expr . '.' IDENT '(' actual_args ')'

    '+'  shift, and go to state 46
    '-'  shift, and go to state 47
    '*'  shift, and go to state 48
    '/'  shift, and go to state 49
    '.'  shift, and go to state 50

    $default  reduce using rule 51 (r_expr)

    Conflict between rule 51 and token ATLEAST resolved as reduce (%left ATLEAST).
    Conflict between rule 51 and token ATMOST resolved as reduce (%left ATMOST).
    Conflict between rule 51 and token EQUALS resolved as reduce (%left EQUALS).
    Conflict between rule 51 and token AND resolved as reduce (AND < '<').
    Conflict between rule 51 and token OR resolved as reduce (OR < '<').
    Conflict between rule 51 and token '>' resolved as reduce (%left '>').
    Conflict between rule 51 and token '<' resolved as reduce (%left '<').
    Conflict between rule 51 and token '+' resolved as shift ('<' < '+').
    Conflict between rule 51 and token '-' resolved as shift ('<' < '-').
    Conflict between rule 51 and token '*' resolved as shift ('<' < '*').
    Conflict between rule 51 and token '/' resolved as shift ('<' < '/').
    Conflict between rule 51 and token '.' resolved as shift ('<' < '.').


State 74

   37 l_expr: r_expr . '.' IDENT
   42 r_expr: r_expr . '+' r_expr
   42       | r_expr '+' r_expr .  [ATLEAST, ATMOST, EQUALS, AND, OR, '>', '<', '+', '-', ')', '{', ',', ';']
   43       | r_expr . '-' r_expr
   44       | r_expr . '*' r_expr
   45       | r_expr . '/' r_expr
   48       | r_expr . EQUALS r_expr
   49       | r_expr . ATLEAST r_expr
   50       | r_expr . ATMOST r_expr
   51       | r_expr . '<' r_expr
   52       | r_expr . '>' r_expr
   53       | r_expr . AND r_expr
   54       | r_expr . OR r_expr
   56       | r_expr . '.' IDENT '(' actual_args ')'

    '*'  shift, and go to state 48
    '/'  shift, and go to state 49
    '.'  shift, and go to state 50

    $default  reduce using rule 42 (r_expr)

    Conflict between rule 42 and token ATLEAST resolved as reduce (ATLEAST < '+').
    Conflict between rule 42 and token ATMOST resolved as reduce (ATMOST < '+').
    Conflict between rule 42 and token EQUALS resolved as reduce (EQUALS < '+').
    Conflict between rule 42 and token AND resolved as reduce (AND < '+').
    Conflict between rule 42 and token OR resolved as reduce (OR < '+').
    Conflict between rule 42 and token '>' resolved as reduce ('>' < '+').
    Conflict between rule 42 and token '<' resolved as reduce ('<' < '+').
    Conflict between rule 42 and token '+' resolved as reduce (%left '+').
    Conflict between rule 42 and token '-' resolved as reduce (%left '-').
    Conflict between rule 42 and token '*' resolved as shift ('+' < '*').
    Conflict between rule 42 and token '/' resolved as shift ('+' < '/').
    Conflict between rule 42 and token '.' resolved as shift ('+' < '.').


State 75

   37 l_expr: r_expr . '.' IDENT
   42 r_expr: r_expr . '+' r_expr
   43       | r_expr . '-' r_expr
   43       | r_expr '-' r_expr .  [ATLEAST, ATMOST, EQUALS, AND, OR, '>', '<', '+', '-', ')', '{', ',', ';']
   44       | r_expr . '*' r_expr
   45       | r_expr . '/' r_expr
   48       | r_expr . EQUALS r_expr
   49       | r_expr . ATLEAST r_expr
   50       | r_expr . ATMOST r_expr
   51       | r_expr . '<' r_expr
   52       | r_expr . '>' r_expr
   53       | r_expr . AND r_expr
   54       | r_expr . OR r_expr
   56       | r_expr . '.' IDENT '(' actual_args ')'

    '*'  shift, and go to state 48
    '/'  shift, and go to state 49
    '.'  shift, and go to state 50

    $default  reduce using rule 43 (r_expr)

    Conflict between rule 43 and token ATLEAST resolved as reduce (ATLEAST < '-').
    Conflict between rule 43 and token ATMOST resolved as reduce (ATMOST < '-').
    Conflict between rule 43 and token EQUALS resolved as reduce (EQUALS < '-').
    Conflict between rule 43 and token AND resolved as reduce (AND < '-').
    Conflict between rule 43 and token OR resolved as reduce (OR < '-').
    Conflict between rule 43 and token '>' resolved as reduce ('>' < '-').
    Conflict between rule 43 and token '<' resolved as reduce ('<' < '-').
    Conflict between rule 43 and token '+' resolved as reduce (%left '+').
    Conflict between rule 43 and token '-' resolved as reduce (%left '-').
    Conflict between rule 43 and token '*' resolved as shift ('-' < '*').
    Conflict between rule 43 and token '/' resolved as shift ('-' < '/').
    Conflict between rule 43 and token '.' resolved as shift ('-' < '.').


State 76

   37 l_expr: r_expr . '.' IDENT
   42 r_expr: r_expr . '+' r_expr
   43       | r_expr . '-' r_expr
   44       | r_expr . '*' r_expr
   44       | r_expr '*' r_expr .  [ATLEAST, ATMOST, EQUALS, AND, OR, '>', '<', '+', '-', '*', '/', ')', '{', ',', ';']
   45       | r_expr . '/' r_expr
   48       | r_expr . EQUALS r_expr
   49       | r_expr . ATLEAST r_expr
   50       | r_expr . ATMOST r_expr
   51       | r_expr . '<' r_expr
   52       | r_expr . '>' r_expr
   53       | r_expr . AND r_expr
   54       | r_expr . OR r_expr
   56       | r_expr . '.' IDENT '(' actual_args ')'

    '.'  shift, and go to state 50

    $default  reduce using rule 44 (r_expr)

    Conflict between rule 44 and token ATLEAST resolved as reduce (ATLEAST < '*').
    Conflict between rule 44 and token ATMOST resolved as reduce (ATMOST < '*').
    Conflict between rule 44 and token EQUALS resolved as reduce (EQUALS < '*').
    Conflict between rule 44 and token AND resolved as reduce (AND < '*').
    Conflict between rule 44 and token OR resolved as reduce (OR < '*').
    Conflict between rule 44 and token '>' resolved as reduce ('>' < '*').
    Conflict between rule 44 and token '<' resolved as reduce ('<' < '*').
    Conflict between rule 44 and token '+' resolved as reduce ('+' < '*').
    Conflict between rule 44 and token '-' resolved as reduce ('-' < '*').
    Conflict between rule 44 and token '*' resolved as reduce (%left '*').
    Conflict between rule 44 and token '/' resolved as reduce (%left '/').
    Conflict between rule 44 and token '.' resolved as shift ('*' < '.').


State 77

   37 l_expr: r_expr . '.' IDENT
   42 r_expr: r_expr . '+' r_expr
   43       | r_expr . '-' r_expr
   44       | r_expr . '*' r_expr
   45       | r_expr . '/' r_expr
   45       | r_expr '/' r_expr .  [ATLEAST, ATMOST, EQUALS, AND, OR, '>', '<', '+', '-', '*', '/', ')', '{', ',', ';']
   48       | r_expr . EQUALS r_expr
   49       | r_expr . ATLEAST r_expr
   50       | r_expr . ATMOST r_expr
   51       | r_expr . '<' r_expr
   52       | r_expr . '>' r_expr
   53       | r_expr . AND r_expr
   54       | r_expr . OR r_expr
   56       | r_expr . '.' IDENT '(' actual_args ')'

    '.'  shift, and go to state 50

    $default  reduce using rule 45 (r_expr)

    Conflict between rule 45 and token ATLEAST resolved as reduce (ATLEAST < '/').
    Conflict between rule 45 and token ATMOST resolved as reduce (ATMOST < '/').
    Conflict between rule 45 and token EQUALS resolved as reduce (EQUALS < '/').
    Conflict between rule 45 and token AND resolved as reduce (AND < '/').
    Conflict between rule 45 and token OR resolved as reduce (OR < '/').
    Conflict between rule 45 and token '>' resolved as reduce ('>' < '/').
    Conflict between rule 45 and token '<' resolved as reduce ('<' < '/').
    Conflict between rule 45 and token '+' resolved as reduce ('+' < '/').
    Conflict between rule 45 and token '-' resolved as reduce ('-' < '/').
    Conflict between rule 45 and token '*' resolved as reduce (%left '*').
    Conflict between rule 45 and token '/' resolved as reduce (%left '/').
    Conflict between rule 45 and token '.' resolved as shift ('/' < '.').


State 78

   37 l_expr: r_expr '.' IDENT .  [ATLEAST, ATMOST, EQUALS, AND, OR, '>', '<', '+', '-', '*', '/', '.', ')', '{', ',', ':', '=', ';']
   56 r_expr: r_expr '.' IDENT . '(' actual_args ')'

    '('  shift, and go to state 93

    $default  reduce using rule 37 (l_expr)


State 79

   15 arg: IDENT ':' . IDENT

    IDENT  shift, and go to state 94


State 80

   10 class: CLASS IDENT '(' opt_formal_args ')' . opt_extends '{' opt_statements opt_methods '}'
   16 opt_extends: . EXTENDS IDENT
   17            | . %empty  ['{']

    EXTENDS  shift, and go to state 95

    $default  reduce using rule 17 (opt_extends)

    opt_extends  go to state 96


State 81

   14 formal_args: formal_args ',' . arg
   15 arg: . IDENT ':' IDENT

    IDENT  shift, and go to state 52

    arg  go to state 97


State 82

   25 statement_block: '{' opt_statements . '}'

    '}'  shift, and go to state 98


State 83

   31 more_elif: ELIF . r_expr statement_block
   36 l_expr: . IDENT
   37       | . r_expr '.' IDENT
   39 r_expr: . STRING_LIT
   40       | . INT_LIT
   41       | . l_expr
   42       | . r_expr '+' r_expr
   43       | . r_expr '-' r_expr
   44       | . r_expr '*' r_expr
   45       | . r_expr '/' r_expr
   46       | . '-' r_expr
   47       | . '(' r_expr ')'
   48       | . r_expr EQUALS r_expr
   49       | . r_expr ATLEAST r_expr
   50       | . r_expr ATMOST r_expr
   51       | . r_expr '<' r_expr
   52       | . r_expr '>' r_expr
   53       | . r_expr AND r_expr
   54       | . r_expr OR r_expr
   55       | . NOT r_expr
   56       | . r_expr '.' IDENT '(' actual_args ')'
   61       | . IDENT '(' actual_args ')'

    NOT         shift, and go to state 12
    IDENT       shift, and go to state 13
    INT_LIT     shift, and go to state 14
    STRING_LIT  shift, and go to state 15
    '-'         shift, and go to state 16
    '('         shift, and go to state 17

    l_expr  go to state 26
    r_expr  go to state 99


State 84

   27 if_statement: IF r_expr statement_block opt_elif . opt_else
   32 opt_else: . ELSE statement_block
   33         | . %empty  [$end, DEF, IF, WHILE, RETURN, TYPECASE, NOT, IDENT, INT_LIT, STRING_LIT, '-', '(', '}']

    ELSE  shift, and go to state 100

    $default  reduce using rule 33 (opt_else)

    opt_else  go to state 101


State 85

   28 opt_elif: more_elif .  [$end, DEF, IF, ELSE, WHILE, RETURN, TYPECASE, NOT, IDENT, INT_LIT, STRING_LIT, '-', '(', '}']
   30 more_elif: more_elif . ELIF r_expr statement_block

    ELIF  shift, and go to state 102

    $default  reduce using rule 28 (opt_elif)


State 86

   70 type_alt: IDENT . ':' IDENT statement_block

    ':'  shift, and go to state 103


State 87

   65 statement: TYPECASE r_expr '{' opt_type_alt . '}'

    '}'  shift, and go to state 104


State 88

   66 opt_type_alt: more_type_alt .  ['}']
   68 more_type_alt: more_type_alt . type_alt
   70 type_alt: . IDENT ':' IDENT statement_block

    IDENT  shift, and go to state 86

    $default  reduce using rule 66 (opt_type_alt)

    type_alt  go to state 105


State 89

   69 more_type_alt: type_alt .

    $default  reduce using rule 69 (more_type_alt)


State 90

   61 r_expr: IDENT '(' actual_args ')' .

    $default  reduce using rule 61 (r_expr)


State 91

   36 l_expr: . IDENT
   37       | . r_expr '.' IDENT
   39 r_expr: . STRING_LIT
   40       | . INT_LIT
   41       | . l_expr
   42       | . r_expr '+' r_expr
   43       | . r_expr '-' r_expr
   44       | . r_expr '*' r_expr
   45       | . r_expr '/' r_expr
   46       | . '-' r_expr
   47       | . '(' r_expr ')'
   48       | . r_expr EQUALS r_expr
   49       | . r_expr ATLEAST r_expr
   50       | . r_expr ATMOST r_expr
   51       | . r_expr '<' r_expr
   52       | . r_expr '>' r_expr
   53       | . r_expr AND r_expr
   54       | . r_expr OR r_expr
   55       | . NOT r_expr
   56       | . r_expr '.' IDENT '(' actual_args ')'
   59 seq_r_expr: seq_r_expr ',' . r_expr
   61 r_expr: . IDENT '(' actual_args ')'

    NOT         shift, and go to state 12
    IDENT       shift, and go to state 13
    INT_LIT     shift, and go to state 14
    STRING_LIT  shift, and go to state 15
    '-'         shift, and go to state 16
    '('         shift, and go to state 17

    l_expr  go to state 26
    r_expr  go to state 106


State 92

   35 statement: l_expr opt_ident '=' r_expr . ';'
   37 l_expr: r_expr . '.' IDENT
   42 r_expr: r_expr . '+' r_expr
   43       | r_expr . '-' r_expr
   44       | r_expr . '*' r_expr
   45       | r_expr . '/' r_expr
   48       | r_expr . EQUALS r_expr
   49       | r_expr . ATLEAST r_expr
   50       | r_expr . ATMOST r_expr
   51       | r_expr . '<' r_expr
   52       | r_expr . '>' r_expr
   53       | r_expr . AND r_expr
   54       | r_expr . OR r_expr
   56       | r_expr . '.' IDENT '(' actual_args ')'

    ATLEAST  shift, and go to state 39
    ATMOST   shift, and go to state 40
    EQUALS   shift, and go to state 41
    AND      shift, and go to state 42
    OR       shift, and go to state 43
    '>'      shift, and go to state 44
    '<'      shift, and go to state 45
    '+'      shift, and go to state 46
    '-'      shift, and go to state 47
    '*'      shift, and go to state 48
    '/'      shift, and go to state 49
    '.'      shift, and go to state 50
    ';'      shift, and go to state 107


State 93

   36 l_expr: . IDENT
   37       | . r_expr '.' IDENT
   39 r_expr: . STRING_LIT
   40       | . INT_LIT
   41       | . l_expr
   42       | . r_expr '+' r_expr
   43       | . r_expr '-' r_expr
   44       | . r_expr '*' r_expr
   45       | . r_expr '/' r_expr
   46       | . '-' r_expr
   47       | . '(' r_expr ')'
   48       | . r_expr EQUALS r_expr
   49       | . r_expr ATLEAST r_expr
   50       | . r_expr ATMOST r_expr
   51       | . r_expr '<' r_expr
   52       | . r_expr '>' r_expr
   53       | . r_expr AND r_expr
   54       | . r_expr OR r_expr
   55       | . NOT r_expr
   56       | . r_expr '.' IDENT '(' actual_args ')'
   56       | r_expr '.' IDENT '(' . actual_args ')'
   57 actual_args: . seq_r_expr
   58            | . %empty  [')']
   59 seq_r_expr: . seq_r_expr ',' r_expr
   60           | . r_expr
   61 r_expr: . IDENT '(' actual_args ')'

    NOT         shift, and go to state 12
    IDENT       shift, and go to state 13
    INT_LIT     shift, and go to state 14
    STRING_LIT  shift, and go to state 15
    '-'         shift, and go to state 16
    '('         shift, and go to state 17

    $default  reduce using rule 58 (actual_args)

    l_expr       go to state 26
    r_expr       go to state 61
    actual_args  go to state 108
    seq_r_expr   go to state 63


State 94

   15 arg: IDENT ':' IDENT .

    $default  reduce using rule 15 (arg)


State 95

   16 opt_extends: EXTENDS . IDENT

    IDENT  shift, and go to state 109


State 96

   10 class: CLASS IDENT '(' opt_formal_args ')' opt_extends . '{' opt_statements opt_methods '}'

    '{'  shift, and go to state 110


State 97

   14 formal_args: formal_args ',' arg .

    $default  reduce using rule 14 (formal_args)


State 98

   25 statement_block: '{' opt_statements '}' .

    $default  reduce using rule 25 (statement_block)


State 99

   25 statement_block: . '{' opt_statements '}'
   31 more_elif: ELIF r_expr . statement_block
   37 l_expr: r_expr . '.' IDENT
   42 r_expr: r_expr . '+' r_expr
   43       | r_expr . '-' r_expr
   44       | r_expr . '*' r_expr
   45       | r_expr . '/' r_expr
   48       | r_expr . EQUALS r_expr
   49       | r_expr . ATLEAST r_expr
   50       | r_expr . ATMOST r_expr
   51       | r_expr . '<' r_expr
   52       | r_expr . '>' r_expr
   53       | r_expr . AND r_expr
   54       | r_expr . OR r_expr
   56       | r_expr . '.' IDENT '(' actual_args ')'

    ATLEAST  shift, and go to state 39
    ATMOST   shift, and go to state 40
    EQUALS   shift, and go to state 41
    AND      shift, and go to state 42
    OR       shift, and go to state 43
    '>'      shift, and go to state 44
    '<'      shift, and go to state 45
    '+'      shift, and go to state 46
    '-'      shift, and go to state 47
    '*'      shift, and go to state 48
    '/'      shift, and go to state 49
    '.'      shift, and go to state 50
    '{'      shift, and go to state 56

    statement_block  go to state 111


State 100

   25 statement_block: . '{' opt_statements '}'
   32 opt_else: ELSE . statement_block

    '{'  shift, and go to state 56

    statement_block  go to state 112


State 101

   27 if_statement: IF r_expr statement_block opt_elif opt_else .

    $default  reduce using rule 27 (if_statement)


State 102

   30 more_elif: more_elif ELIF . r_expr statement_block
   36 l_expr: . IDENT
   37       | . r_expr '.' IDENT
   39 r_expr: . STRING_LIT
   40       | . INT_LIT
   41       | . l_expr
   42       | . r_expr '+' r_expr
   43       | . r_expr '-' r_expr
   44       | . r_expr '*' r_expr
   45       | . r_expr '/' r_expr
   46       | . '-' r_expr
   47       | . '(' r_expr ')'
   48       | . r_expr EQUALS r_expr
   49       | . r_expr ATLEAST r_expr
   50       | . r_expr ATMOST r_expr
   51       | . r_expr '<' r_expr
   52       | . r_expr '>' r_expr
   53       | . r_expr AND r_expr
   54       | . r_expr OR r_expr
   55       | . NOT r_expr
   56       | . r_expr '.' IDENT '(' actual_args ')'
   61       | . IDENT '(' actual_args ')'

    NOT         shift, and go to state 12
    IDENT       shift, and go to state 13
    INT_LIT     shift, and go to state 14
    STRING_LIT  shift, and go to state 15
    '-'         shift, and go to state 16
    '('         shift, and go to state 17

    l_expr  go to state 26
    r_expr  go to state 113


State 103

   70 type_alt: IDENT ':' . IDENT statement_block

    IDENT  shift, and go to state 114


State 104

   65 statement: TYPECASE r_expr '{' opt_type_alt '}' .

    $default  reduce using rule 65 (statement)


State 105

   68 more_type_alt: more_type_alt type_alt .

    $default  reduce using rule 68 (more_type_alt)


State 106

   37 l_expr: r_expr . '.' IDENT
   42 r_expr: r_expr . '+' r_expr
   43       | r_expr . '-' r_expr
   44       | r_expr . '*' r_expr
   45       | r_expr . '/' r_expr
   48       | r_expr . EQUALS r_expr
   49       | r_expr . ATLEAST r_expr
   50       | r_expr . ATMOST r_expr
   51       | r_expr . '<' r_expr
   52       | r_expr . '>' r_expr
   53       | r_expr . AND r_expr
   54       | r_expr . OR r_expr
   56       | r_expr . '.' IDENT '(' actual_args ')'
   59 seq_r_expr: seq_r_expr ',' r_expr .  [')', ',']

    ATLEAST  shift, and go to state 39
    ATMOST   shift, and go to state 40
    EQUALS   shift, and go to state 41
    AND      shift, and go to state 42
    OR       shift, and go to state 43
    '>'      shift, and go to state 44
    '<'      shift, and go to state 45
    '+'      shift, and go to state 46
    '-'      shift, and go to state 47
    '*'      shift, and go to state 48
    '/'      shift, and go to state 49
    '.'      shift, and go to state 50

    $default  reduce using rule 59 (seq_r_expr)


State 107

   35 statement: l_expr opt_ident '=' r_expr ';' .

    $default  reduce using rule 35 (statement)


State 108

   56 r_expr: r_expr '.' IDENT '(' actual_args . ')'

    ')'  shift, and go to state 115


State 109

   16 opt_extends: EXTENDS IDENT .

    $default  reduce using rule 16 (opt_extends)


State 110

    6 opt_statements: . statements
    7               | . %empty  [DEF, '}']
    8 statements: . statements statement
    9           | . statement
   10 class: CLASS IDENT '(' opt_formal_args ')' opt_extends '{' . opt_statements opt_methods '}'
   26 statement: . if_statement
   27 if_statement: . IF r_expr statement_block opt_elif opt_else
   34 statement: . WHILE r_expr statement_block
   35          | . l_expr opt_ident '=' r_expr ';'
   36 l_expr: . IDENT
   37       | . r_expr '.' IDENT
   38 statement: . r_expr ';'
   39 r_expr: . STRING_LIT
   40       | . INT_LIT
   41       | . l_expr
   42       | . r_expr '+' r_expr
   43       | . r_expr '-' r_expr
   44       | . r_expr '*' r_expr
   45       | . r_expr '/' r_expr
   46       | . '-' r_expr
   47       | . '(' r_expr ')'
   48       | . r_expr EQUALS r_expr
   49       | . r_expr ATLEAST r_expr
   50       | . r_expr ATMOST r_expr
   51       | . r_expr '<' r_expr
   52       | . r_expr '>' r_expr
   53       | . r_expr AND r_expr
   54       | . r_expr OR r_expr
   55       | . NOT r_expr
   56       | . r_expr '.' IDENT '(' actual_args ')'
   61       | . IDENT '(' actual_args ')'
   62 statement: . RETURN opt_r_expr ';'
   65          | . TYPECASE r_expr '{' opt_type_alt '}'

    IF          shift, and go to state 8
    WHILE       shift, and go to state 9
    RETURN      shift, and go to state 10
    TYPECASE    shift, and go to state 11
    NOT         shift, and go to state 12
    IDENT       shift, and go to state 13
    INT_LIT     shift, and go to state 14
    STRING_LIT  shift, and go to state 15
    '-'         shift, and go to state 16
    '('         shift, and go to state 17

    $default  reduce using rule 7 (opt_statements)

    opt_statements  go to state 116
    statements      go to state 19
    statement       go to state 20
    if_statement    go to state 21
    l_expr          go to state 22
    r_expr          go to state 23


State 111

   31 more_elif: ELIF r_expr statement_block .

    $default  reduce using rule 31 (more_elif)


State 112

   32 opt_else: ELSE statement_block .

    $default  reduce using rule 32 (opt_else)


State 113

   25 statement_block: . '{' opt_statements '}'
   30 more_elif: more_elif ELIF r_expr . statement_block
   37 l_expr: r_expr . '.' IDENT
   42 r_expr: r_expr . '+' r_expr
   43       | r_expr . '-' r_expr
   44       | r_expr . '*' r_expr
   45       | r_expr . '/' r_expr
   48       | r_expr . EQUALS r_expr
   49       | r_expr . ATLEAST r_expr
   50       | r_expr . ATMOST r_expr
   51       | r_expr . '<' r_expr
   52       | r_expr . '>' r_expr
   53       | r_expr . AND r_expr
   54       | r_expr . OR r_expr
   56       | r_expr . '.' IDENT '(' actual_args ')'

    ATLEAST  shift, and go to state 39
    ATMOST   shift, and go to state 40
    EQUALS   shift, and go to state 41
    AND      shift, and go to state 42
    OR       shift, and go to state 43
    '>'      shift, and go to state 44
    '<'      shift, and go to state 45
    '+'      shift, and go to state 46
    '-'      shift, and go to state 47
    '*'      shift, and go to state 48
    '/'      shift, and go to state 49
    '.'      shift, and go to state 50
    '{'      shift, and go to state 56

    statement_block  go to state 117


State 114

   25 statement_block: . '{' opt_statements '}'
   70 type_alt: IDENT ':' IDENT . statement_block

    '{'  shift, and go to state 56

    statement_block  go to state 118


State 115

   56 r_expr: r_expr '.' IDENT '(' actual_args ')' .

    $default  reduce using rule 56 (r_expr)


State 116

   10 class: CLASS IDENT '(' opt_formal_args ')' opt_extends '{' opt_statements . opt_methods '}'
   18 opt_methods: . methods
   19            | . %empty  ['}']
   20 methods: . methods method
   21        | . method
   22 method: . DEF IDENT '(' opt_formal_args ')' opt_ident statement_block

    DEF  shift, and go to state 119

    $default  reduce using rule 19 (opt_methods)

    opt_methods  go to state 120
    methods      go to state 121
    method       go to state 122


State 117

   30 more_elif: more_elif ELIF r_expr statement_block .

    $default  reduce using rule 30 (more_elif)


State 118

   70 type_alt: IDENT ':' IDENT statement_block .

    $default  reduce using rule 70 (type_alt)


State 119

   22 method: DEF . IDENT '(' opt_formal_args ')' opt_ident statement_block

    IDENT  shift, and go to state 123


State 120

   10 class: CLASS IDENT '(' opt_formal_args ')' opt_extends '{' opt_statements opt_methods . '}'

    '}'  shift, and go to state 124


State 121

   18 opt_methods: methods .  ['}']
   20 methods: methods . method
   22 method: . DEF IDENT '(' opt_formal_args ')' opt_ident statement_block

    DEF  shift, and go to state 119

    $default  reduce using rule 18 (opt_methods)

    method  go to state 125


State 122

   21 methods: method .

    $default  reduce using rule 21 (methods)


State 123

   22 method: DEF IDENT . '(' opt_formal_args ')' opt_ident statement_block

    '('  shift, and go to state 126


State 124

   10 class: CLASS IDENT '(' opt_formal_args ')' opt_extends '{' opt_statements opt_methods '}' .

    $default  reduce using rule 10 (class)


State 125

   20 methods: methods method .

    $default  reduce using rule 20 (methods)


State 126

   11 opt_formal_args: . formal_args
   12                | . %empty  [')']
   13 formal_args: . arg
   14            | . formal_args ',' arg
   15 arg: . IDENT ':' IDENT
   22 method: DEF IDENT '(' . opt_formal_args ')' opt_ident statement_block

    IDENT  shift, and go to state 52

    $default  reduce using rule 12 (opt_formal_args)

    opt_formal_args  go to state 127
    formal_args      go to state 54
    arg              go to state 55


State 127

   22 method: DEF IDENT '(' opt_formal_args . ')' opt_ident statement_block

    ')'  shift, and go to state 128


State 128

   22 method: DEF IDENT '(' opt_formal_args ')' . opt_ident statement_block
   23 opt_ident: . ':' IDENT
   24          | . %empty  ['{']

    ':'  shift, and go to state 37

    $default  reduce using rule 24 (opt_ident)

    opt_ident  go to state 129


State 129

   22 method: DEF IDENT '(' opt_formal_args ')' opt_ident . statement_block
   25 statement_block: . '{' opt_statements '}'

    '{'  shift, and go to state 56

    statement_block  go to state 130


State 130

   22 method: DEF IDENT '(' opt_formal_args ')' opt_ident statement_block .

    $default  reduce using rule 22 (method)
